2016/10/06 11:43:28 Elapsed time: 485.6µs
2016/10/06 11:43:28 The log information is saved in  kggseq.log.


2016/10/06 11:52:59 Elapsed time: 501.8µs
2016/10/06 11:52:59 The log information is saved in kggseq.log.


2016/10/06 13:17:44 Elapsed time: 0s
2016/10/06 13:17:44 The log information is saved in kggseq.log.


2016/10/06 20:29:57 Elapsed time: 501.2µs
2016/10/06 20:29:57 The log information is saved in kggseq.log.


2016/10/07 22:55:34 Elapsed time: 1.0023ms
2016/10/07 22:55:34 The log information is saved in kggseq.log.


2016/10/07 22:56:20 Elapsed time: 0s
2016/10/07 22:56:20 The log information is saved in kggseq.log.


2016/10/07 22:58:52 Elapsed time: 994.9µs
2016/10/07 22:58:52 The log information is saved in kggseq.log.


2016/10/07 22:59:48 Elapsed time: 1.003ms
2016/10/07 22:59:48 The log information is saved in kggseq.log.


2016/10/08 07:45:04 Elapsed time: 0s
2016/10/08 07:45:04 The log information is saved in kggseq.log.


2016/10/08 15:57:52 Elapsed time: 0s
2016/10/08 15:57:52 The log information is saved in kggseq.log.


2016/10/08 15:58:12 Elapsed time: 1.003ms
2016/10/08 15:58:12 The log information is saved in kggseq.log.


2016/10/08 15:58:38 Elapsed time: 0s
2016/10/08 15:58:38 The log information is saved in kggseq.log.


2016/10/08 16:00:14 Elapsed time: 1.001ms
2016/10/08 16:00:14 The log information is saved in kggseq.log.


2016/10/08 17:10:39 Elapsed time: 501.8µs
2016/10/08 17:10:39 The log information is saved in kggseq.log.


2016/10/08 19:46:38 Elapsed time: 1.003ms
2016/10/08 19:46:38 The log information is saved in kggseq.log.


2016/10/08 20:08:26 Elapsed time: 1.003ms
2016/10/08 20:08:26 The log information is saved in kggseq.log.


2016/10/08 20:10:23 Elapsed time: 1.003ms
2016/10/08 20:10:23 The log information is saved in kggseq.log.


2016/10/08 20:10:50 Elapsed time: 1.003ms
2016/10/08 20:10:50 The log information is saved in kggseq.log.


2016/10/08 20:18:11 Elapsed time: 0s
2016/10/08 20:18:11 The log information is saved in kggseq.log.


2016/10/08 20:20:42 Elapsed time: 0s
2016/10/08 20:20:42 The log information is saved in kggseq.log.


2016/10/09 20:32:51 Elapsed time: 1.0023ms
2016/10/09 20:32:51 The log information is saved in kggseq.log.


2016/10/09 20:34:33 Elapsed time: 0s
2016/10/09 20:34:33 The log information is saved in kggseq.log.


2016/10/12 17:04:51 Elapsed time: 4.6454822s
2016/10/12 17:04:51 The log information is saved in kggseq.log.


2016/10/12 17:09:12 Elapsed time: 4.5632283s
2016/10/12 17:09:12 The log information is saved in kggseq.log.


2016/10/12 17:09:41 Elapsed time: 7.5606269s
2016/10/12 17:09:41 The log information is saved in kggseq.log.


2016/10/12 17:13:36 Elapsed time: 19.767011s
2016/10/12 17:13:36 The log information is saved in kggseq.log.


2016/10/12 17:14:01 Elapsed time: 11.2835781s
2016/10/12 17:14:01 The log information is saved in kggseq.log.


2016/10/12 17:21:13 Elapsed time: 24.5217325s
2016/10/12 17:21:13 The log information is saved in kggseq.log.


2016/10/12 17:28:48 Elapsed time: 21.7665734s
2016/10/12 17:28:48 The log information is saved in kggseq.log.


2016/10/12 17:30:45 Elapsed time: 20.8409164s
2016/10/12 17:30:45 The log information is saved in kggseq.log.


2016/10/12 17:31:33 Elapsed time: 21.4503635s
2016/10/12 17:31:33 The log information is saved in kggseq.log.


2016/10/12 17:34:53 Elapsed time: 11.8636902s
2016/10/12 17:34:53 The log information is saved in kggseq.log.


2016/10/12 17:39:39 Elapsed time: 11.5231358s
2016/10/12 17:39:39 The log information is saved in kggseq.log.


2016/10/12 17:42:01 Elapsed time: 11.47284s
2016/10/12 17:42:01 The log information is saved in kggseq.log.


2016/10/12 19:31:02 Elapsed time: 10.9120132s
2016/10/12 19:31:02 The log information is saved in kggseq.log.


2016/10/12 19:57:02 Elapsed time: 10.850855s
2016/10/12 19:57:02 The log information is saved in kggseq.log.


2016/10/12 20:20:35 Elapsed time: 11.5116091s
2016/10/12 20:20:35 The log information is saved in kggseq.log.


2016/10/12 20:21:34 Elapsed time: 11.1106163s
2016/10/12 20:21:34 The log information is saved in kggseq.log.


2016/10/12 20:30:17 Elapsed time: 10.9631523s
2016/10/12 20:30:18 The log information is saved in kggseq.log.


2017/01/03 10:18:48 Elapsed time: 1.7180982s
2017/01/03 10:18:48 The log information is saved in kggseq.log.


2017/01/03 10:20:04 Elapsed time: 1.8641066s
2017/01/03 10:20:04 The log information is saved in kggseq.log.


2017/01/03 10:22:50 Elapsed time: 2.0051147s
2017/01/03 10:22:50 The log information is saved in kggseq.log.


2017/01/04 09:50:19 Elapsed time: 1.8791074s
2017/01/04 09:50:19 The log information is saved in kggseq.log.


2017/01/04 09:50:32 Elapsed time: 1.6390937s
2017/01/04 09:50:32 The log information is saved in kggseq.log.


2017/01/04 09:50:43 Elapsed time: 1.5970914s
2017/01/04 09:50:43 The log information is saved in kggseq.log.


2017/01/04 09:53:04 Elapsed time: 1.6340935s
2017/01/04 09:53:04 The log information is saved in kggseq.log.


2017/01/04 09:53:29 Elapsed time: 1.5470885s
2017/01/04 09:53:29 The log information is saved in kggseq.log.


2017/01/04 09:55:20 Elapsed time: 1.5780903s
2017/01/04 09:55:20 The log information is saved in kggseq.log.


2017/01/04 09:56:39 Elapsed time: 1.5640895s
2017/01/04 09:56:39 The log information is saved in kggseq.log.


2017/01/04 09:56:54 Elapsed time: 1.6560947s
2017/01/04 09:56:54 The log information is saved in kggseq.log.


2017/01/04 09:57:05 Elapsed time: 1.6030917s
2017/01/04 09:57:05 The log information is saved in kggseq.log.


2017/01/04 10:01:08 Elapsed time: 55.4121694s
2017/01/04 10:01:08 The log information is saved in kggseq.log.


2017/01/04 10:02:49 Elapsed time: 1.7080977s
2017/01/04 10:02:49 The log information is saved in kggseq.log.


2017/01/04 10:32:04 Elapsed time: 4m39.6929976s
2017/01/04 10:32:04 The log information is saved in kggseq.log.


2017/01/04 11:24:58 Elapsed time: 1.6092903s
2017/01/04 11:24:58 The log information is saved in kggseq.log.


2017/01/05 16:31:38 Elapsed time: 0s
2017/01/05 16:31:38 The log information is saved in kggseq.log.


2017/01/05 17:52:51 Elapsed time: 15.0008ms
2017/01/05 17:52:51 The log information is saved in kggseq.log.


2017/01/05 17:53:44 Elapsed time: 593.0339ms
2017/01/05 17:53:44 The log information is saved in kggseq.log.


2017/01/05 17:54:15 Elapsed time: 1.7551004s
2017/01/05 17:54:15 The log information is saved in kggseq.log.


2017/01/05 17:55:26 Elapsed time: 1.0360593s
2017/01/05 17:55:26 The log information is saved in kggseq.log.


2017/01/05 17:55:45 Elapsed time: 888.0508ms
2017/01/05 17:55:45 The log information is saved in kggseq.log.


2017/01/05 17:57:42 Elapsed time: 732.0418ms
2017/01/05 17:57:42 The log information is saved in kggseq.log.


2017/01/05 17:58:02 Elapsed time: 716.0409ms
2017/01/05 17:58:02 The log information is saved in kggseq.log.


2017/01/05 17:58:20 Elapsed time: 627.0359ms
2017/01/05 17:58:20 The log information is saved in kggseq.log.


2017/01/05 17:58:39 Elapsed time: 601.0343ms
2017/01/05 17:58:39 The log information is saved in kggseq.log.


2017/01/05 17:58:55 Elapsed time: 606.0347ms
2017/01/05 17:58:55 The log information is saved in kggseq.log.


2017/01/05 17:59:03 Elapsed time: 560.0321ms
2017/01/05 17:59:03 The log information is saved in kggseq.log.


2017/01/05 17:59:08 Elapsed time: 557.0319ms
2017/01/05 17:59:08 The log information is saved in kggseq.log.


2017/01/05 17:59:27 Elapsed time: 562.0322ms
2017/01/05 17:59:27 The log information is saved in kggseq.log.


2017/01/05 17:59:32 Elapsed time: 525.0301ms
2017/01/05 17:59:32 The log information is saved in kggseq.log.


2017/01/05 17:59:39 Elapsed time: 500.0286ms
2017/01/05 17:59:39 The log information is saved in kggseq.log.


2017/01/05 17:59:43 Elapsed time: 515.0294ms
2017/01/05 17:59:43 The log information is saved in kggseq.log.


2017/01/05 18:29:03 Elapsed time: 11.2046409s
2017/01/05 18:29:03 The log information is saved in kggseq.log.


2017/01/06 10:24:56 Elapsed time: 768.044ms
2017/01/06 10:24:56 The log information is saved in kggseq.log.


2017/01/06 10:25:19 Elapsed time: 533.0305ms
2017/01/06 10:25:19 The log information is saved in kggseq.log.


2017/01/06 10:28:19 Elapsed time: 532.0304ms
2017/01/06 10:28:19 The log information is saved in kggseq.log.


2017/01/06 10:29:23 Elapsed time: 509.0292ms
2017/01/06 10:29:23 The log information is saved in kggseq.log.


2017/01/06 10:31:33 Elapsed time: 534.0306ms
2017/01/06 10:31:33 The log information is saved in kggseq.log.


2017/01/06 10:31:54 Elapsed time: 564.0322ms
2017/01/06 10:31:54 The log information is saved in kggseq.log.


2017/01/06 10:33:22 Elapsed time: 554.0317ms
2017/01/06 10:33:22 The log information is saved in kggseq.log.


2017/01/06 10:40:02 Elapsed time: 492.0281ms
2017/01/06 10:40:02 The log information is saved in kggseq.log.


2017/01/06 10:41:04 Elapsed time: 533.0304ms
2017/01/06 10:41:04 The log information is saved in kggseq.log.


2017/01/06 10:47:52 Elapsed time: 541.031ms
2017/01/06 10:47:52 The log information is saved in kggseq.log.


2017/01/06 11:14:25 Elapsed time: 529.0303ms
2017/01/06 11:14:25 The log information is saved in kggseq.log.


2017/01/06 11:16:46 Elapsed time: 11.0007ms
2017/01/06 11:16:46 The log information is saved in kggseq.log.


2017/01/06 11:21:46 Elapsed time: 510.0291ms
2017/01/06 11:21:46 The log information is saved in kggseq.log.


2017/01/06 12:17:49 Elapsed time: 577.033ms
2017/01/06 12:17:49 The log information is saved in kggseq.log.


2017/01/06 15:33:12 Elapsed time: 668.0382ms
2017/01/06 15:33:12 The log information is saved in kggseq.log.


2017/01/06 15:42:18 Elapsed time: 24.0014ms
2017/01/06 15:42:18 The log information is saved in kggseq.log.


2017/01/06 15:43:14 Elapsed time: 71.004ms
2017/01/06 15:43:14 The log information is saved in kggseq.log.


2017/01/06 15:44:52 Elapsed time: 588.0336ms
2017/01/06 15:44:52 The log information is saved in kggseq.log.


2017/01/06 15:52:26 Elapsed time: 1.0340591s
2017/01/06 15:52:26 The log information is saved in kggseq.log.


2017/01/06 15:54:41 Elapsed time: 1.1000629s
2017/01/06 15:54:41 The log information is saved in kggseq.log.


2017/01/06 15:56:09 Elapsed time: 861.0493ms
2017/01/06 15:56:09 The log information is saved in kggseq.log.


2017/01/06 16:00:52 Elapsed time: 833.0477ms
2017/01/06 16:00:52 The log information is saved in kggseq.log.


2017/01/06 16:01:02 Elapsed time: 854.0489ms
2017/01/06 16:01:02 The log information is saved in kggseq.log.


2017/01/06 16:02:38 Elapsed time: 1.0160581s
2017/01/06 16:02:38 The log information is saved in kggseq.log.


2017/01/06 18:19:58 Elapsed time: 1.0352574s
2017/01/06 18:19:58 The log information is saved in kggseq.log.


2017/01/06 18:21:00 Elapsed time: 1.0246578s
2017/01/06 18:21:00 The log information is saved in kggseq.log.


2017/01/06 18:21:21 Elapsed time: 863.2476ms
2017/01/06 18:21:21 The log information is saved in kggseq.log.


2017/01/06 18:24:01 Elapsed time: 861.6484ms
2017/01/06 18:24:01 The log information is saved in kggseq.log.


2017/01/06 18:32:11 Elapsed time: 798.0456ms
2017/01/06 18:32:11 The log information is saved in kggseq.log.


2017/01/06 18:34:14 Elapsed time: 950.0543ms
2017/01/06 18:34:14 The log information is saved in kggseq.log.


2017/01/06 18:34:29 Elapsed time: 790.0452ms
2017/01/06 18:34:29 The log information is saved in kggseq.log.


2017/01/06 18:36:11 Elapsed time: 827.0473ms
2017/01/06 18:36:11 The log information is saved in kggseq.log.


2017/01/06 18:36:36 Elapsed time: 840.0481ms
2017/01/06 18:36:36 The log information is saved in kggseq.log.


2017/01/06 18:39:56 Elapsed time: 971.0555ms
2017/01/06 18:39:56 The log information is saved in kggseq.log.


2017/01/06 18:40:25 Elapsed time: 1.0120579s
2017/01/06 18:40:25 The log information is saved in kggseq.log.


2017/01/06 18:42:03 Elapsed time: 791.0452ms
2017/01/06 18:42:03 The log information is saved in kggseq.log.


2017/01/06 18:58:38 Elapsed time: 28.6876408s
2017/01/06 18:58:38 The log information is saved in kggseq.log.


2017/01/06 18:59:15 Elapsed time: 28.5706342s
2017/01/06 18:59:15 The log information is saved in kggseq.log.


